Start testing: Aug 03 22:30 RTZ 2 (����)
----------------------------------------------------------
1/9 Testing: PcapReaderTest.CreateObject
1/9 Test: PcapReaderTest.CreateObject
Command: "E:/Code/C++/Pcap_parser/build/Debug/pcap_tests.exe" "--gtest_filter=PcapReaderTest.CreateObject" "--gtest_also_run_disabled_tests"
Directory: E:/Code/C++/Pcap_parser/build
"PcapReaderTest.CreateObject" start time: Aug 03 22:30 RTZ 2 (����)
Output:
----------------------------------------------------------
Запуск тестов PCAP Reader...
Note: Google Test filter = PcapReaderTest.CreateObject
[==========] Running 1 test from 1 test suite.
[----------] Global test environment set-up.
[----------] 1 test from PcapReaderTest
[ RUN      ] PcapReaderTest.CreateObject
[       OK ] PcapReaderTest.CreateObject (1 ms)
[----------] 1 test from PcapReaderTest (1 ms total)

[----------] Global test environment tear-down
[==========] 1 test from 1 test suite ran. (1 ms total)
[  PASSED  ] 1 test.
Все тесты прошли успешно!
<end of output>
Test time =   0.05 sec
----------------------------------------------------------
Test Passed.
"PcapReaderTest.CreateObject" end time: Aug 03 22:30 RTZ 2 (����)
"PcapReaderTest.CreateObject" time elapsed: 00:00:00
----------------------------------------------------------

2/9 Testing: PcapReaderTest.OpenNonExistentFile
2/9 Test: PcapReaderTest.OpenNonExistentFile
Command: "E:/Code/C++/Pcap_parser/build/Debug/pcap_tests.exe" "--gtest_filter=PcapReaderTest.OpenNonExistentFile" "--gtest_also_run_disabled_tests"
Directory: E:/Code/C++/Pcap_parser/build
"PcapReaderTest.OpenNonExistentFile" start time: Aug 03 22:30 RTZ 2 (����)
Output:
----------------------------------------------------------
Запуск тестов PCAP Reader...
Note: Google Test filter = PcapReaderTest.OpenNonExistentFile
[==========] Running 1 test from 1 test suite.
[----------] Global test environment set-up.
[----------] 1 test from PcapReaderTest
[ RUN      ] PcapReaderTest.OpenNonExistentFile
Error: Cannot open file in binary mode file_that_does_not_exist.pcap
[       OK ] PcapReaderTest.OpenNonExistentFile (1 ms)
[----------] 1 test from PcapReaderTest (1 ms total)

[----------] Global test environment tear-down
[==========] 1 test from 1 test suite ran. (1 ms total)
[  PASSED  ] 1 test.
Все тесты прошли успешно!
<end of output>
Test time =   0.04 sec
----------------------------------------------------------
Test Passed.
"PcapReaderTest.OpenNonExistentFile" end time: Aug 03 22:30 RTZ 2 (����)
"PcapReaderTest.OpenNonExistentFile" time elapsed: 00:00:00
----------------------------------------------------------

3/9 Testing: PcapReaderTest.OpenValidFile
3/9 Test: PcapReaderTest.OpenValidFile
Command: "E:/Code/C++/Pcap_parser/build/Debug/pcap_tests.exe" "--gtest_filter=PcapReaderTest.OpenValidFile" "--gtest_also_run_disabled_tests"
Directory: E:/Code/C++/Pcap_parser/build
"PcapReaderTest.OpenValidFile" start time: Aug 03 22:30 RTZ 2 (����)
Output:
----------------------------------------------------------
Запуск тестов PCAP Reader...
Note: Google Test filter = PcapReaderTest.OpenValidFile
[==========] Running 1 test from 1 test suite.
[----------] Global test environment set-up.
[----------] 1 test from PcapReaderTest
[ RUN      ] PcapReaderTest.OpenValidFile
[       OK ] PcapReaderTest.OpenValidFile (1 ms)
[----------] 1 test from PcapReaderTest (1 ms total)

[----------] Global test environment tear-down
[==========] 1 test from 1 test suite ran. (1 ms total)
[  PASSED  ] 1 test.
Все тесты прошли успешно!
<end of output>
Test time =   0.05 sec
----------------------------------------------------------
Test Passed.
"PcapReaderTest.OpenValidFile" end time: Aug 03 22:30 RTZ 2 (����)
"PcapReaderTest.OpenValidFile" time elapsed: 00:00:00
----------------------------------------------------------

4/9 Testing: PcapReaderTest.OpenInvalidMagicNumber
4/9 Test: PcapReaderTest.OpenInvalidMagicNumber
Command: "E:/Code/C++/Pcap_parser/build/Debug/pcap_tests.exe" "--gtest_filter=PcapReaderTest.OpenInvalidMagicNumber" "--gtest_also_run_disabled_tests"
Directory: E:/Code/C++/Pcap_parser/build
"PcapReaderTest.OpenInvalidMagicNumber" start time: Aug 03 22:30 RTZ 2 (����)
Output:
----------------------------------------------------------
Запуск тестов PCAP Reader...
Note: Google Test filter = PcapReaderTest.OpenInvalidMagicNumber
[==========] Running 1 test from 1 test suite.
[----------] Global test environment set-up.
[----------] 1 test from PcapReaderTest
[ RUN      ] PcapReaderTest.OpenInvalidMagicNumber
Error: File too small for pcap header
[       OK ] PcapReaderTest.OpenInvalidMagicNumber (1 ms)
[----------] 1 test from PcapReaderTest (1 ms total)

[----------] Global test environment tear-down
[==========] 1 test from 1 test suite ran. (1 ms total)
[  PASSED  ] 1 test.
Все тесты прошли успешно!
<end of output>
Test time =   0.04 sec
----------------------------------------------------------
Test Passed.
"PcapReaderTest.OpenInvalidMagicNumber" end time: Aug 03 22:30 RTZ 2 (����)
"PcapReaderTest.OpenInvalidMagicNumber" time elapsed: 00:00:00
----------------------------------------------------------

5/9 Testing: PcapReaderTest.GetLinktypeAfterOpen
5/9 Test: PcapReaderTest.GetLinktypeAfterOpen
Command: "E:/Code/C++/Pcap_parser/build/Debug/pcap_tests.exe" "--gtest_filter=PcapReaderTest.GetLinktypeAfterOpen" "--gtest_also_run_disabled_tests"
Directory: E:/Code/C++/Pcap_parser/build
"PcapReaderTest.GetLinktypeAfterOpen" start time: Aug 03 22:30 RTZ 2 (����)
Output:
----------------------------------------------------------
Запуск тестов PCAP Reader...
Note: Google Test filter = PcapReaderTest.GetLinktypeAfterOpen
[==========] Running 1 test from 1 test suite.
[----------] Global test environment set-up.
[----------] 1 test from PcapReaderTest
[ RUN      ] PcapReaderTest.GetLinktypeAfterOpen
[       OK ] PcapReaderTest.GetLinktypeAfterOpen (1 ms)
[----------] 1 test from PcapReaderTest (1 ms total)

[----------] Global test environment tear-down
[==========] 1 test from 1 test suite ran. (2 ms total)
[  PASSED  ] 1 test.
Все тесты прошли успешно!
<end of output>
Test time =   0.04 sec
----------------------------------------------------------
Test Passed.
"PcapReaderTest.GetLinktypeAfterOpen" end time: Aug 03 22:30 RTZ 2 (����)
"PcapReaderTest.GetLinktypeAfterOpen" time elapsed: 00:00:00
----------------------------------------------------------

6/9 Testing: PcapReaderTest.ReadPackets
6/9 Test: PcapReaderTest.ReadPackets
Command: "E:/Code/C++/Pcap_parser/build/Debug/pcap_tests.exe" "--gtest_filter=PcapReaderTest.ReadPackets" "--gtest_also_run_disabled_tests"
Directory: E:/Code/C++/Pcap_parser/build
"PcapReaderTest.ReadPackets" start time: Aug 03 22:30 RTZ 2 (����)
Output:
----------------------------------------------------------
Запуск тестов PCAP Reader...
Note: Google Test filter = PcapReaderTest.ReadPackets
[==========] Running 1 test from 1 test suite.
[----------] Global test environment set-up.
[----------] 1 test from PcapReaderTest
[ RUN      ] PcapReaderTest.ReadPackets
[       OK ] PcapReaderTest.ReadPackets (1 ms)
[----------] 1 test from PcapReaderTest (1 ms total)

[----------] Global test environment tear-down
[==========] 1 test from 1 test suite ran. (2 ms total)
[  PASSED  ] 1 test.
Все тесты прошли успешно!
<end of output>
Test time =   0.05 sec
----------------------------------------------------------
Test Passed.
"PcapReaderTest.ReadPackets" end time: Aug 03 22:30 RTZ 2 (����)
"PcapReaderTest.ReadPackets" time elapsed: 00:00:00
----------------------------------------------------------

7/9 Testing: PcapReaderTest.SaveIPv4Packets
7/9 Test: PcapReaderTest.SaveIPv4Packets
Command: "E:/Code/C++/Pcap_parser/build/Debug/pcap_tests.exe" "--gtest_filter=PcapReaderTest.SaveIPv4Packets" "--gtest_also_run_disabled_tests"
Directory: E:/Code/C++/Pcap_parser/build
"PcapReaderTest.SaveIPv4Packets" start time: Aug 03 22:30 RTZ 2 (����)
Output:
----------------------------------------------------------
Запуск тестов PCAP Reader...
Note: Google Test filter = PcapReaderTest.SaveIPv4Packets
[==========] Running 1 test from 1 test suite.
[----------] Global test environment set-up.
[----------] 1 test from PcapReaderTest
[ RUN      ] PcapReaderTest.SaveIPv4Packets
[       OK ] PcapReaderTest.SaveIPv4Packets (7 ms)
[----------] 1 test from PcapReaderTest (7 ms total)

[----------] Global test environment tear-down
[==========] 1 test from 1 test suite ran. (8 ms total)
[  PASSED  ] 1 test.
Все тесты прошли успешно!
<end of output>
Test time =   0.05 sec
----------------------------------------------------------
Test Passed.
"PcapReaderTest.SaveIPv4Packets" end time: Aug 03 22:30 RTZ 2 (����)
"PcapReaderTest.SaveIPv4Packets" time elapsed: 00:00:00
----------------------------------------------------------

8/9 Testing: PcapReaderTest.SaveIPv6Packets
8/9 Test: PcapReaderTest.SaveIPv6Packets
Command: "E:/Code/C++/Pcap_parser/build/Debug/pcap_tests.exe" "--gtest_filter=PcapReaderTest.SaveIPv6Packets" "--gtest_also_run_disabled_tests"
Directory: E:/Code/C++/Pcap_parser/build
"PcapReaderTest.SaveIPv6Packets" start time: Aug 03 22:30 RTZ 2 (����)
Output:
----------------------------------------------------------
Запуск тестов PCAP Reader...
Note: Google Test filter = PcapReaderTest.SaveIPv6Packets
[==========] Running 1 test from 1 test suite.
[----------] Global test environment set-up.
[----------] 1 test from PcapReaderTest
[ RUN      ] PcapReaderTest.SaveIPv6Packets
IPv6 пакетов для записи не найдено
[       OK ] PcapReaderTest.SaveIPv6Packets (1 ms)
[----------] 1 test from PcapReaderTest (1 ms total)

[----------] Global test environment tear-down
[==========] 1 test from 1 test suite ran. (2 ms total)
[  PASSED  ] 1 test.
Все тесты прошли успешно!
<end of output>
Test time =   0.05 sec
----------------------------------------------------------
Test Passed.
"PcapReaderTest.SaveIPv6Packets" end time: Aug 03 22:30 RTZ 2 (����)
"PcapReaderTest.SaveIPv6Packets" time elapsed: 00:00:00
----------------------------------------------------------

9/9 Testing: PcapReaderTest.GetLinktypeBeforeOpen
9/9 Test: PcapReaderTest.GetLinktypeBeforeOpen
Command: "E:/Code/C++/Pcap_parser/build/Debug/pcap_tests.exe" "--gtest_filter=PcapReaderTest.GetLinktypeBeforeOpen" "--gtest_also_run_disabled_tests"
Directory: E:/Code/C++/Pcap_parser/build
"PcapReaderTest.GetLinktypeBeforeOpen" start time: Aug 03 22:30 RTZ 2 (����)
Output:
----------------------------------------------------------
Запуск тестов PCAP Reader...
Note: Google Test filter = PcapReaderTest.GetLinktypeBeforeOpen
[==========] Running 1 test from 1 test suite.
[----------] Global test environment set-up.
[----------] 1 test from PcapReaderTest
[ RUN      ] PcapReaderTest.GetLinktypeBeforeOpen
[       OK ] PcapReaderTest.GetLinktypeBeforeOpen (1 ms)
[----------] 1 test from PcapReaderTest (1 ms total)

[----------] Global test environment tear-down
[==========] 1 test from 1 test suite ran. (1 ms total)
[  PASSED  ] 1 test.
Все тесты прошли успешно!
<end of output>
Test time =   0.04 sec
----------------------------------------------------------
Test Passed.
"PcapReaderTest.GetLinktypeBeforeOpen" end time: Aug 03 22:30 RTZ 2 (����)
"PcapReaderTest.GetLinktypeBeforeOpen" time elapsed: 00:00:00
----------------------------------------------------------

End testing: Aug 03 22:30 RTZ 2 (����)
